<?xml version="1.0"?>
<testsuites>
  <testsuite name="PhantomJS 1.9.7 (Mac OS X)" package="" timestamp="2014-04-11T13:14:12" id="0" hostname="amp.local" tests="0" errors="1" failures="0" time="0">
    <properties>
      <property name="browser.fullName" value="Mozilla/5.0 (Macintosh; Intel Mac OS X) AppleWebKit/534.34 (KHTML, like Gecko) PhantomJS/1.9.7 Safari/534.34"/>
    </properties>
    <system-out><![CDATA[PhantomJS 1.9.7 (Mac OS X) ERROR
	TypeError: 'undefined' is not an object (evaluating 'Template.feed')
	at /Users/alexandre/Documents/Projects/GitHub/bookmarks/app/client/views/feed/feed.js:6

]]></system-out>
    <system-err/>
  </testsuite>
</testsuites>
